<?xml version="1.0" encoding="UTF-8"?>
<testsuite xmlns:xsi="http://www.w3.org/2001/XMLSchema-instance" xsi:noNamespaceSchemaLocation="https://maven.apache.org/surefire/maven-failsafe-plugin/xsd/failsafe-test-report-3.0.xsd" version="3.0" name="com.baymax.sky.features.search.SearchByKeywordStory" time="1.188" tests="0" errors="0" skipped="0" failures="0">
  <properties>
    <property name="java.specification.version" value="22"/>
    <property name="sun.cpu.isalist" value="amd64"/>
    <property name="sun.jnu.encoding" value="Cp1252"/>
    <property name="java.class.path" value="D:\Hanh\Workking\Learning\Learning\target\test-classes;D:\Hanh\apache-maven-3.9.6\repository\net\serenity-bdd\serenity-core\4.1.14\serenity-core-4.1.14.jar;D:\Hanh\apache-maven-3.9.6\repository\net\serenity-bdd\serenity-model\4.1.14\serenity-model-4.1.14.jar;D:\Hanh\apache-maven-3.9.6\repository\org\apache\commons\commons-text\1.11.0\commons-text-1.11.0.jar;D:\Hanh\apache-maven-3.9.6\repository\commons-net\commons-net\3.10.0\commons-net-3.10.0.jar;D:\Hanh\apache-maven-3.9.6\repository\com\google\guava\guava\33.1.0-jre\guava-33.1.0-jre.jar;D:\Hanh\apache-maven-3.9.6\repository\com\google\guava\failureaccess\1.0.2\failureaccess-1.0.2.jar;D:\Hanh\apache-maven-3.9.6\repository\com\google\guava\listenablefuture\9999.0-empty-to-avoid-conflict-with-guava\listenablefuture-9999.0-empty-to-avoid-conflict-with-guava.jar;D:\Hanh\apache-maven-3.9.6\repository\com\google\code\findbugs\jsr305\3.0.2\jsr305-3.0.2.jar;D:\Hanh\apache-maven-3.9.6\repository\org\checkerframework\checker-qual\3.42.0\checker-qual-3.42.0.jar;D:\Hanh\apache-maven-3.9.6\repository\com\google\errorprone\error_prone_annotations\2.26.1\error_prone_annotations-2.26.1.jar;D:\Hanh\apache-maven-3.9.6\repository\com\google\j2objc\j2objc-annotations\3.0.0\j2objc-annotations-3.0.0.jar;D:\Hanh\apache-maven-3.9.6\repository\org\jsoup\jsoup\1.15.4\jsoup-1.15.4.jar;D:\Hanh\apache-maven-3.9.6\repository\com\thoughtworks\xstream\xstream\1.4.20\xstream-1.4.20.jar;D:\Hanh\apache-maven-3.9.6\repository\io\github\x-stream\mxparser\1.2.2\mxparser-1.2.2.jar;D:\Hanh\apache-maven-3.9.6\repository\xmlpull\xmlpull\1.1.3.1\xmlpull-1.1.3.1.jar;D:\Hanh\apache-maven-3.9.6\repository\io\cucumber\cucumber-core\7.17.0\cucumber-core-7.17.0.jar;D:\Hanh\apache-maven-3.9.6\repository\io\cucumber\cucumber-gherkin\7.17.0\cucumber-gherkin-7.17.0.jar;D:\Hanh\apache-maven-3.9.6\repository\io\cucumber\cucumber-gherkin-messages\7.17.0\cucumber-gherkin-messages-7.17.0.jar;D:\Hanh\apache-maven-3.9.6\repository\io\cucumber\gherkin\28.0.0\gherkin-28.0.0.jar;D:\Hanh\apache-maven-3.9.6\repository\io\cucumber\messages\24.1.0\messages-24.1.0.jar;D:\Hanh\apache-maven-3.9.6\repository\io\cucumber\testng-xml-formatter\0.1.0\testng-xml-formatter-0.1.0.jar;D:\Hanh\apache-maven-3.9.6\repository\io\cucumber\query\12.1.2\query-12.1.2.jar;D:\Hanh\apache-maven-3.9.6\repository\io\cucumber\tag-expressions\6.1.0\tag-expressions-6.1.0.jar;D:\Hanh\apache-maven-3.9.6\repository\io\cucumber\cucumber-expressions\17.1.0\cucumber-expressions-17.1.0.jar;D:\Hanh\apache-maven-3.9.6\repository\io\cucumber\datatable\7.17.0\datatable-7.17.0.jar;D:\Hanh\apache-maven-3.9.6\repository\io\cucumber\cucumber-plugin\7.17.0\cucumber-plugin-7.17.0.jar;D:\Hanh\apache-maven-3.9.6\repository\io\cucumber\docstring\7.17.0\docstring-7.17.0.jar;D:\Hanh\apache-maven-3.9.6\repository\io\cucumber\html-formatter\21.3.1\html-formatter-21.3.1.jar;D:\Hanh\apache-maven-3.9.6\repository\io\cucumber\junit-xml-formatter\0.4.0\junit-xml-formatter-0.4.0.jar;D:\Hanh\apache-maven-3.9.6\repository\io\cucumber\ci-environment\10.0.1\ci-environment-10.0.1.jar;D:\Hanh\apache-maven-3.9.6\repository\org\apiguardian\apiguardian-api\1.1.2\apiguardian-api-1.1.2.jar;D:\Hanh\apache-maven-3.9.6\repository\io\cucumber\cucumber-java\7.17.0\cucumber-java-7.17.0.jar;D:\Hanh\apache-maven-3.9.6\repository\com\typesafe\config\1.4.3\config-1.4.3.jar;D:\Hanh\apache-maven-3.9.6\repository\org\imgscalr\imgscalr-lib\4.2\imgscalr-lib-4.2.jar;D:\Hanh\apache-maven-3.9.6\repository\org\awaitility\awaitility\4.2.0\awaitility-4.2.0.jar;D:\Hanh\apache-maven-3.9.6\repository\org\freemarker\freemarker\2.3.32\freemarker-2.3.32.jar;D:\Hanh\apache-maven-3.9.6\repository\io\github\classgraph\classgraph\4.8.157\classgraph-4.8.157.jar;D:\Hanh\apache-maven-3.9.6\repository\com\github\ben-manes\caffeine\caffeine\2.9.2\caffeine-2.9.2.jar;D:\Hanh\apache-maven-3.9.6\repository\org\ehcache\ehcache\3.10.8\ehcache-3.10.8.jar;D:\Hanh\apache-maven-3.9.6\repository\javax\cache\cache-api\1.1.0\cache-api-1.1.0.jar;D:\Hanh\apache-maven-3.9.6\repository\net\sourceforge\jexcelapi\jxl\2.6.12\jxl-2.6.12.jar;D:\Hanh\apache-maven-3.9.6\repository\net\bytebuddy\byte-buddy\1.14.15\byte-buddy-1.14.15.jar;D:\Hanh\apache-maven-3.9.6\repository\net\bytebuddy\byte-buddy-agent\1.14.15\byte-buddy-agent-1.14.15.jar;D:\Hanh\apache-maven-3.9.6\repository\org\objenesis\objenesis\3.3\objenesis-3.3.jar;D:\Hanh\apache-maven-3.9.6\repository\com\vladsch\flexmark\flexmark-all\0.64.8\flexmark-all-0.64.8.jar;D:\Hanh\apache-maven-3.9.6\repository\com\vladsch\flexmark\flexmark\0.64.8\flexmark-0.64.8.jar;D:\Hanh\apache-maven-3.9.6\repository\com\vladsch\flexmark\flexmark-ext-abbreviation\0.64.8\flexmark-ext-abbreviation-0.64.8.jar;D:\Hanh\apache-maven-3.9.6\repository\com\vladsch\flexmark\flexmark-ext-admonition\0.64.8\flexmark-ext-admonition-0.64.8.jar;D:\Hanh\apache-maven-3.9.6\repository\com\vladsch\flexmark\flexmark-ext-anchorlink\0.64.8\flexmark-ext-anchorlink-0.64.8.jar;D:\Hanh\apache-maven-3.9.6\repository\com\vladsch\flexmark\flexmark-ext-aside\0.64.8\flexmark-ext-aside-0.64.8.jar;D:\Hanh\apache-maven-3.9.6\repository\com\vladsch\flexmark\flexmark-ext-attributes\0.64.8\flexmark-ext-attributes-0.64.8.jar;D:\Hanh\apache-maven-3.9.6\repository\com\vladsch\flexmark\flexmark-ext-autolink\0.64.8\flexmark-ext-autolink-0.64.8.jar;D:\Hanh\apache-maven-3.9.6\repository\org\nibor\autolink\autolink\0.6.0\autolink-0.6.0.jar;D:\Hanh\apache-maven-3.9.6\repository\com\vladsch\flexmark\flexmark-ext-definition\0.64.8\flexmark-ext-definition-0.64.8.jar;D:\Hanh\apache-maven-3.9.6\repository\com\vladsch\flexmark\flexmark-ext-emoji\0.64.8\flexmark-ext-emoji-0.64.8.jar;D:\Hanh\apache-maven-3.9.6\repository\com\vladsch\flexmark\flexmark-ext-enumerated-reference\0.64.8\flexmark-ext-enumerated-reference-0.64.8.jar;D:\Hanh\apache-maven-3.9.6\repository\com\vladsch\flexmark\flexmark-ext-escaped-character\0.64.8\flexmark-ext-escaped-character-0.64.8.jar;D:\Hanh\apache-maven-3.9.6\repository\com\vladsch\flexmark\flexmark-ext-footnotes\0.64.8\flexmark-ext-footnotes-0.64.8.jar;D:\Hanh\apache-maven-3.9.6\repository\com\vladsch\flexmark\flexmark-ext-gfm-issues\0.64.8\flexmark-ext-gfm-issues-0.64.8.jar;D:\Hanh\apache-maven-3.9.6\repository\com\vladsch\flexmark\flexmark-ext-gfm-strikethrough\0.64.8\flexmark-ext-gfm-strikethrough-0.64.8.jar;D:\Hanh\apache-maven-3.9.6\repository\com\vladsch\flexmark\flexmark-ext-gfm-tasklist\0.64.8\flexmark-ext-gfm-tasklist-0.64.8.jar;D:\Hanh\apache-maven-3.9.6\repository\com\vladsch\flexmark\flexmark-ext-gfm-users\0.64.8\flexmark-ext-gfm-users-0.64.8.jar;D:\Hanh\apache-maven-3.9.6\repository\com\vladsch\flexmark\flexmark-ext-gitlab\0.64.8\flexmark-ext-gitlab-0.64.8.jar;D:\Hanh\apache-maven-3.9.6\repository\com\vladsch\flexmark\flexmark-ext-jekyll-front-matter\0.64.8\flexmark-ext-jekyll-front-matter-0.64.8.jar;D:\Hanh\apache-maven-3.9.6\repository\com\vladsch\flexmark\flexmark-ext-jekyll-tag\0.64.8\flexmark-ext-jekyll-tag-0.64.8.jar;D:\Hanh\apache-maven-3.9.6\repository\com\vladsch\flexmark\flexmark-ext-media-tags\0.64.8\flexmark-ext-media-tags-0.64.8.jar;D:\Hanh\apache-maven-3.9.6\repository\com\vladsch\flexmark\flexmark-ext-macros\0.64.8\flexmark-ext-macros-0.64.8.jar;D:\Hanh\apache-maven-3.9.6\repository\com\vladsch\flexmark\flexmark-ext-ins\0.64.8\flexmark-ext-ins-0.64.8.jar;D:\Hanh\apache-maven-3.9.6\repository\com\vladsch\flexmark\flexmark-ext-xwiki-macros\0.64.8\flexmark-ext-xwiki-macros-0.64.8.jar;D:\Hanh\apache-maven-3.9.6\repository\com\vladsch\flexmark\flexmark-ext-superscript\0.64.8\flexmark-ext-superscript-0.64.8.jar;D:\Hanh\apache-maven-3.9.6\repository\com\vladsch\flexmark\flexmark-ext-toc\0.64.8\flexmark-ext-toc-0.64.8.jar;D:\Hanh\apache-maven-3.9.6\repository\com\vladsch\flexmark\flexmark-ext-typographic\0.64.8\flexmark-ext-typographic-0.64.8.jar;D:\Hanh\apache-maven-3.9.6\repository\com\vladsch\flexmark\flexmark-ext-wikilink\0.64.8\flexmark-ext-wikilink-0.64.8.jar;D:\Hanh\apache-maven-3.9.6\repository\com\vladsch\flexmark\flexmark-ext-yaml-front-matter\0.64.8\flexmark-ext-yaml-front-matter-0.64.8.jar;D:\Hanh\apache-maven-3.9.6\repository\com\vladsch\flexmark\flexmark-ext-youtube-embedded\0.64.8\flexmark-ext-youtube-embedded-0.64.8.jar;D:\Hanh\apache-maven-3.9.6\repository\com\vladsch\flexmark\flexmark-html2md-converter\0.64.8\flexmark-html2md-converter-0.64.8.jar;D:\Hanh\apache-maven-3.9.6\repository\com\vladsch\flexmark\flexmark-jira-converter\0.64.8\flexmark-jira-converter-0.64.8.jar;D:\Hanh\apache-maven-3.9.6\repository\com\vladsch\flexmark\flexmark-pdf-converter\0.64.8\flexmark-pdf-converter-0.64.8.jar;D:\Hanh\apache-maven-3.9.6\repository\com\openhtmltopdf\openhtmltopdf-core\1.0.10\openhtmltopdf-core-1.0.10.jar;D:\Hanh\apache-maven-3.9.6\repository\com\openhtmltopdf\openhtmltopdf-pdfbox\1.0.10\openhtmltopdf-pdfbox-1.0.10.jar;D:\Hanh\apache-maven-3.9.6\repository\org\apache\pdfbox\pdfbox\2.0.24\pdfbox-2.0.24.jar;D:\Hanh\apache-maven-3.9.6\repository\org\apache\pdfbox\fontbox\2.0.24\fontbox-2.0.24.jar;D:\Hanh\apache-maven-3.9.6\repository\org\apache\pdfbox\xmpbox\2.0.24\xmpbox-2.0.24.jar;D:\Hanh\apache-maven-3.9.6\repository\de\rototor\pdfbox\graphics2d\0.32\graphics2d-0.32.jar;D:\Hanh\apache-maven-3.9.6\repository\com\openhtmltopdf\openhtmltopdf-rtl-support\1.0.10\openhtmltopdf-rtl-support-1.0.10.jar;D:\Hanh\apache-maven-3.9.6\repository\com\vladsch\flexmark\flexmark-profile-pegdown\0.64.8\flexmark-profile-pegdown-0.64.8.jar;D:\Hanh\apache-maven-3.9.6\repository\com\vladsch\flexmark\flexmark-util-ast\0.64.8\flexmark-util-ast-0.64.8.jar;D:\Hanh\apache-maven-3.9.6\repository\com\vladsch\flexmark\flexmark-util-builder\0.64.8\flexmark-util-builder-0.64.8.jar;D:\Hanh\apache-maven-3.9.6\repository\com\vladsch\flexmark\flexmark-util-collection\0.64.8\flexmark-util-collection-0.64.8.jar;D:\Hanh\apache-maven-3.9.6\repository\com\vladsch\flexmark\flexmark-util-data\0.64.8\flexmark-util-data-0.64.8.jar;D:\Hanh\apache-maven-3.9.6\repository\com\vladsch\flexmark\flexmark-util-dependency\0.64.8\flexmark-util-dependency-0.64.8.jar;D:\Hanh\apache-maven-3.9.6\repository\com\vladsch\flexmark\flexmark-util-format\0.64.8\flexmark-util-format-0.64.8.jar;D:\Hanh\apache-maven-3.9.6\repository\com\vladsch\flexmark\flexmark-util-html\0.64.8\flexmark-util-html-0.64.8.jar;D:\Hanh\apache-maven-3.9.6\repository\com\vladsch\flexmark\flexmark-util-misc\0.64.8\flexmark-util-misc-0.64.8.jar;D:\Hanh\apache-maven-3.9.6\repository\com\vladsch\flexmark\flexmark-util-options\0.64.8\flexmark-util-options-0.64.8.jar;D:\Hanh\apache-maven-3.9.6\repository\com\vladsch\flexmark\flexmark-util-sequence\0.64.8\flexmark-util-sequence-0.64.8.jar;D:\Hanh\apache-maven-3.9.6\repository\com\vladsch\flexmark\flexmark-util-visitor\0.64.8\flexmark-util-visitor-0.64.8.jar;D:\Hanh\apache-maven-3.9.6\repository\com\vladsch\flexmark\flexmark-youtrack-converter\0.64.8\flexmark-youtrack-converter-0.64.8.jar;D:\Hanh\apache-maven-3.9.6\repository\com\vladsch\flexmark\flexmark-ext-resizable-image\0.64.8\flexmark-ext-resizable-image-0.64.8.jar;D:\Hanh\apache-maven-3.9.6\repository\com\vladsch\flexmark\flexmark-ext-tables\0.64.8\flexmark-ext-tables-0.64.8.jar;D:\Hanh\apache-maven-3.9.6\repository\com\vladsch\flexmark\flexmark-util\0.64.8\flexmark-util-0.64.8.jar;D:\Hanh\apache-maven-3.9.6\repository\net\serenity-bdd\serenity-reports\4.1.14\serenity-reports-4.1.14.jar;D:\Hanh\apache-maven-3.9.6\repository\net\serenity-bdd\serenity-stats\4.1.14\serenity-stats-4.1.14.jar;D:\Hanh\apache-maven-3.9.6\repository\net\serenity-bdd\serenity-reports-configuration\4.1.14\serenity-reports-configuration-4.1.14.jar;D:\Hanh\apache-maven-3.9.6\repository\com\ibm\icu\icu4j\72.1\icu4j-72.1.jar;D:\Hanh\apache-maven-3.9.6\repository\es\nitaur\markdown\txtmark\0.16\txtmark-0.16.jar;D:\Hanh\apache-maven-3.9.6\repository\net\serenity-bdd\serenity-report-resources\4.1.14\serenity-report-resources-4.1.14.jar;D:\Hanh\apache-maven-3.9.6\repository\com\google\code\gson\gson\2.10.1\gson-2.10.1.jar;D:\Hanh\apache-maven-3.9.6\repository\com\fasterxml\jackson\core\jackson-core\2.17.0\jackson-core-2.17.0.jar;D:\Hanh\apache-maven-3.9.6\repository\com\fasterxml\jackson\core\jackson-databind\2.17.0\jackson-databind-2.17.0.jar;D:\Hanh\apache-maven-3.9.6\repository\com\fasterxml\jackson\core\jackson-annotations\2.17.0\jackson-annotations-2.17.0.jar;D:\Hanh\apache-maven-3.9.6\repository\commons-codec\commons-codec\1.16.1\commons-codec-1.16.1.jar;D:\Hanh\apache-maven-3.9.6\repository\commons-io\commons-io\2.15.1\commons-io-2.15.1.jar;D:\Hanh\apache-maven-3.9.6\repository\org\apache\httpcomponents\httpclient\4.5.13\httpclient-4.5.13.jar;D:\Hanh\apache-maven-3.9.6\repository\org\apache\httpcomponents\httpcore\4.4.13\httpcore-4.4.13.jar;D:\Hanh\apache-maven-3.9.6\repository\commons-logging\commons-logging\1.2\commons-logging-1.2.jar;D:\Hanh\apache-maven-3.9.6\repository\org\seleniumhq\selenium\selenium-java\4.21.0\selenium-java-4.21.0.jar;D:\Hanh\apache-maven-3.9.6\repository\org\seleniumhq\selenium\selenium-devtools-v123\4.21.0\selenium-devtools-v123-4.21.0.jar;D:\Hanh\apache-maven-3.9.6\repository\org\seleniumhq\selenium\selenium-devtools-v124\4.21.0\selenium-devtools-v124-4.21.0.jar;D:\Hanh\apache-maven-3.9.6\repository\org\seleniumhq\selenium\selenium-devtools-v125\4.21.0\selenium-devtools-v125-4.21.0.jar;D:\Hanh\apache-maven-3.9.6\repository\org\seleniumhq\selenium\selenium-devtools-v85\4.21.0\selenium-devtools-v85-4.21.0.jar;D:\Hanh\apache-maven-3.9.6\repository\org\seleniumhq\selenium\selenium-remote-driver\4.21.0\selenium-remote-driver-4.21.0.jar;D:\Hanh\apache-maven-3.9.6\repository\io\opentelemetry\semconv\opentelemetry-semconv\1.25.0-alpha\opentelemetry-semconv-1.25.0-alpha.jar;D:\Hanh\apache-maven-3.9.6\repository\io\opentelemetry\opentelemetry-api\1.38.0\opentelemetry-api-1.38.0.jar;D:\Hanh\apache-maven-3.9.6\repository\io\opentelemetry\opentelemetry-context\1.38.0\opentelemetry-context-1.38.0.jar;D:\Hanh\apache-maven-3.9.6\repository\io\opentelemetry\opentelemetry-exporter-logging\1.38.0\opentelemetry-exporter-logging-1.38.0.jar;D:\Hanh\apache-maven-3.9.6\repository\io\opentelemetry\opentelemetry-sdk-common\1.38.0\opentelemetry-sdk-common-1.38.0.jar;D:\Hanh\apache-maven-3.9.6\repository\io\opentelemetry\opentelemetry-sdk-extension-autoconfigure-spi\1.38.0\opentelemetry-sdk-extension-autoconfigure-spi-1.38.0.jar;D:\Hanh\apache-maven-3.9.6\repository\io\opentelemetry\opentelemetry-sdk-extension-autoconfigure\1.38.0\opentelemetry-sdk-extension-autoconfigure-1.38.0.jar;D:\Hanh\apache-maven-3.9.6\repository\io\opentelemetry\opentelemetry-api-incubator\1.38.0-alpha\opentelemetry-api-incubator-1.38.0-alpha.jar;D:\Hanh\apache-maven-3.9.6\repository\io\opentelemetry\opentelemetry-sdk-trace\1.38.0\opentelemetry-sdk-trace-1.38.0.jar;D:\Hanh\apache-maven-3.9.6\repository\io\opentelemetry\opentelemetry-sdk\1.38.0\opentelemetry-sdk-1.38.0.jar;D:\Hanh\apache-maven-3.9.6\repository\io\opentelemetry\opentelemetry-sdk-metrics\1.38.0\opentelemetry-sdk-metrics-1.38.0.jar;D:\Hanh\apache-maven-3.9.6\repository\io\opentelemetry\opentelemetry-sdk-logs\1.38.0\opentelemetry-sdk-logs-1.38.0.jar;D:\Hanh\apache-maven-3.9.6\repository\org\seleniumhq\selenium\selenium-os\4.21.0\selenium-os-4.21.0.jar;D:\Hanh\apache-maven-3.9.6\repository\org\apache\commons\commons-exec\1.4.0\commons-exec-1.4.0.jar;D:\Hanh\apache-maven-3.9.6\repository\org\seleniumhq\selenium\selenium-safari-driver\4.21.0\selenium-safari-driver-4.21.0.jar;D:\Hanh\apache-maven-3.9.6\repository\org\seleniumhq\selenium\selenium-api\4.21.0\selenium-api-4.21.0.jar;D:\Hanh\apache-maven-3.9.6\repository\org\seleniumhq\selenium\selenium-support\4.21.0\selenium-support-4.21.0.jar;D:\Hanh\apache-maven-3.9.6\repository\com\google\auto\service\auto-service-annotations\1.1.1\auto-service-annotations-1.1.1.jar;D:\Hanh\apache-maven-3.9.6\repository\org\seleniumhq\selenium\selenium-json\4.21.0\selenium-json-4.21.0.jar;D:\Hanh\apache-maven-3.9.6\repository\org\seleniumhq\selenium\selenium-chrome-driver\4.21.0\selenium-chrome-driver-4.21.0.jar;D:\Hanh\apache-maven-3.9.6\repository\org\seleniumhq\selenium\selenium-chromium-driver\4.21.0\selenium-chromium-driver-4.21.0.jar;D:\Hanh\apache-maven-3.9.6\repository\org\seleniumhq\selenium\selenium-manager\4.21.0\selenium-manager-4.21.0.jar;D:\Hanh\apache-maven-3.9.6\repository\org\seleniumhq\selenium\selenium-firefox-driver\4.21.0\selenium-firefox-driver-4.21.0.jar;D:\Hanh\apache-maven-3.9.6\repository\org\seleniumhq\selenium\selenium-http\4.21.0\selenium-http-4.21.0.jar;D:\Hanh\apache-maven-3.9.6\repository\dev\failsafe\failsafe\3.3.2\failsafe-3.3.2.jar;D:\Hanh\apache-maven-3.9.6\repository\org\seleniumhq\selenium\selenium-edge-driver\4.21.0\selenium-edge-driver-4.21.0.jar;D:\Hanh\apache-maven-3.9.6\repository\org\seleniumhq\selenium\selenium-ie-driver\4.21.0\selenium-ie-driver-4.21.0.jar;D:\Hanh\apache-maven-3.9.6\repository\org\htmlunit\htmlunit\4.1.0\htmlunit-4.1.0.jar;D:\Hanh\apache-maven-3.9.6\repository\org\apache\httpcomponents\httpmime\4.5.14\httpmime-4.5.14.jar;D:\Hanh\apache-maven-3.9.6\repository\org\htmlunit\htmlunit-core-js\4.1.0\htmlunit-core-js-4.1.0.jar;D:\Hanh\apache-maven-3.9.6\repository\org\htmlunit\neko-htmlunit\4.1.0\neko-htmlunit-4.1.0.jar;D:\Hanh\apache-maven-3.9.6\repository\org\htmlunit\htmlunit-cssparser\4.1.0\htmlunit-cssparser-4.1.0.jar;D:\Hanh\apache-maven-3.9.6\repository\org\htmlunit\htmlunit-xpath\4.1.0\htmlunit-xpath-4.1.0.jar;D:\Hanh\apache-maven-3.9.6\repository\org\htmlunit\htmlunit-csp\4.1.0\htmlunit-csp-4.1.0.jar;D:\Hanh\apache-maven-3.9.6\repository\org\htmlunit\htmlunit-websocket-client\4.1.0\htmlunit-websocket-client-4.1.0.jar;D:\Hanh\apache-maven-3.9.6\repository\org\brotli\dec\0.1.2\dec-0.1.2.jar;D:\Hanh\apache-maven-3.9.6\repository\org\seleniumhq\selenium\htmlunit3-driver\4.21.0\htmlunit3-driver-4.21.0.jar;D:\Hanh\apache-maven-3.9.6\repository\io\appium\java-client\9.2.2\java-client-9.2.2.jar;D:\Hanh\apache-maven-3.9.6\repository\org\apache\groovy\groovy\4.0.13\groovy-4.0.13.jar;D:\Hanh\apache-maven-3.9.6\repository\net\sf\opencsv\opencsv\2.1\opencsv-2.1.jar;D:\Hanh\apache-maven-3.9.6\repository\org\apache\commons\commons-lang3\3.14.0\commons-lang3-3.14.0.jar;D:\Hanh\apache-maven-3.9.6\repository\org\apache\commons\commons-compress\1.26.0\commons-compress-1.26.0.jar;D:\Hanh\apache-maven-3.9.6\repository\org\fluentlenium\fluentlenium-core\0.10.2\fluentlenium-core-0.10.2.jar;D:\Hanh\apache-maven-3.9.6\repository\com\jhlabs\filters\2.0.235\filters-2.0.235.jar;D:\Hanh\apache-maven-3.9.6\repository\com\paulhammant\ngwebdriver\1.1.6\ngwebdriver-1.1.6.jar;D:\Hanh\apache-maven-3.9.6\repository\joda-time\joda-time\2.12.7\joda-time-2.12.7.jar;D:\Hanh\apache-maven-3.9.6\repository\org\hamcrest\hamcrest\2.2\hamcrest-2.2.jar;D:\Hanh\apache-maven-3.9.6\repository\com\google\jimfs\jimfs\1.3.0\jimfs-1.3.0.jar;D:\Hanh\apache-maven-3.9.6\repository\org\mockito\mockito-core\3.3.3\mockito-core-3.3.3.jar;D:\Hanh\apache-maven-3.9.6\repository\javax\xml\bind\jaxb-api\2.3.1\jaxb-api-2.3.1.jar;D:\Hanh\apache-maven-3.9.6\repository\javax\activation\javax.activation-api\1.2.0\javax.activation-api-1.2.0.jar;D:\Hanh\apache-maven-3.9.6\repository\com\sun\xml\bind\jaxb-core\2.3.0.1\jaxb-core-2.3.0.1.jar;D:\Hanh\apache-maven-3.9.6\repository\com\sun\xml\bind\jaxb-impl\2.3.3\jaxb-impl-2.3.3.jar;D:\Hanh\apache-maven-3.9.6\repository\com\sun\activation\jakarta.activation\1.2.2\jakarta.activation-1.2.2.jar;D:\Hanh\apache-maven-3.9.6\repository\javax\activation\activation\1.1.1\activation-1.1.1.jar;D:\Hanh\apache-maven-3.9.6\repository\net\serenity-bdd\serenity-screenplay\4.1.14\serenity-screenplay-4.1.14.jar;D:\Hanh\apache-maven-3.9.6\repository\net\serenity-bdd\serenity-ensure\4.1.14\serenity-ensure-4.1.14.jar;D:\Hanh\apache-maven-3.9.6\repository\org\jetbrains\kotlin\kotlin-stdlib\1.9.24\kotlin-stdlib-1.9.24.jar;D:\Hanh\apache-maven-3.9.6\repository\org\jetbrains\annotations\13.0\annotations-13.0.jar;D:\Hanh\apache-maven-3.9.6\repository\net\serenity-bdd\serenity-screenplay-webdriver\4.1.14\serenity-screenplay-webdriver-4.1.14.jar;D:\Hanh\apache-maven-3.9.6\repository\net\serenity-bdd\serenity-junit\4.1.14\serenity-junit-4.1.14.jar;D:\Hanh\apache-maven-3.9.6\repository\jakarta\xml\bind\jakarta.xml.bind-api\4.0.0\jakarta.xml.bind-api-4.0.0.jar;D:\Hanh\apache-maven-3.9.6\repository\jakarta\activation\jakarta.activation-api\2.1.0\jakarta.activation-api-2.1.0.jar;D:\Hanh\apache-maven-3.9.6\repository\org\slf4j\slf4j-simple\1.7.7\slf4j-simple-1.7.7.jar;D:\Hanh\apache-maven-3.9.6\repository\org\slf4j\slf4j-api\1.7.7\slf4j-api-1.7.7.jar;D:\Hanh\apache-maven-3.9.6\repository\junit\junit\4.12\junit-4.12.jar;D:\Hanh\apache-maven-3.9.6\repository\org\hamcrest\hamcrest-core\1.3\hamcrest-core-1.3.jar;D:\Hanh\apache-maven-3.9.6\repository\org\assertj\assertj-core\3.8.0\assertj-core-3.8.0.jar;"/>
    <property name="java.vm.vendor" value="Oracle Corporation"/>
    <property name="sun.arch.data.model" value="64"/>
    <property name="user.variant" value=""/>
    <property name="java.vendor.url" value="https://java.oracle.com/"/>
    <property name="user.timezone" value="Asia/Bangkok"/>
    <property name="os.name" value="Windows 10"/>
    <property name="java.vm.specification.version" value="22"/>
    <property name="sun.java.launcher" value="SUN_STANDARD"/>
    <property name="user.country" value="US"/>
    <property name="sun.boot.library.path" value="C:\Program Files\Java\jdk-22\bin"/>
    <property name="sun.java.command" value="org.apache.maven.surefire.booter.ForkedBooter C:\Users\quyet\AppData\Local\Temp\surefire14102426695031400109 2024-06-05T20-16-56_217-jvmRun1 surefire5867406499273059262tmp surefire_03800979529750009399tmp"/>
    <property name="jdk.debug" value="release"/>
    <property name="surefire.test.class.path" value="D:\Hanh\Workking\Learning\Learning\target\test-classes;D:\Hanh\apache-maven-3.9.6\repository\net\serenity-bdd\serenity-core\4.1.14\serenity-core-4.1.14.jar;D:\Hanh\apache-maven-3.9.6\repository\net\serenity-bdd\serenity-model\4.1.14\serenity-model-4.1.14.jar;D:\Hanh\apache-maven-3.9.6\repository\org\apache\commons\commons-text\1.11.0\commons-text-1.11.0.jar;D:\Hanh\apache-maven-3.9.6\repository\commons-net\commons-net\3.10.0\commons-net-3.10.0.jar;D:\Hanh\apache-maven-3.9.6\repository\com\google\guava\guava\33.1.0-jre\guava-33.1.0-jre.jar;D:\Hanh\apache-maven-3.9.6\repository\com\google\guava\failureaccess\1.0.2\failureaccess-1.0.2.jar;D:\Hanh\apache-maven-3.9.6\repository\com\google\guava\listenablefuture\9999.0-empty-to-avoid-conflict-with-guava\listenablefuture-9999.0-empty-to-avoid-conflict-with-guava.jar;D:\Hanh\apache-maven-3.9.6\repository\com\google\code\findbugs\jsr305\3.0.2\jsr305-3.0.2.jar;D:\Hanh\apache-maven-3.9.6\repository\org\checkerframework\checker-qual\3.42.0\checker-qual-3.42.0.jar;D:\Hanh\apache-maven-3.9.6\repository\com\google\errorprone\error_prone_annotations\2.26.1\error_prone_annotations-2.26.1.jar;D:\Hanh\apache-maven-3.9.6\repository\com\google\j2objc\j2objc-annotations\3.0.0\j2objc-annotations-3.0.0.jar;D:\Hanh\apache-maven-3.9.6\repository\org\jsoup\jsoup\1.15.4\jsoup-1.15.4.jar;D:\Hanh\apache-maven-3.9.6\repository\com\thoughtworks\xstream\xstream\1.4.20\xstream-1.4.20.jar;D:\Hanh\apache-maven-3.9.6\repository\io\github\x-stream\mxparser\1.2.2\mxparser-1.2.2.jar;D:\Hanh\apache-maven-3.9.6\repository\xmlpull\xmlpull\1.1.3.1\xmlpull-1.1.3.1.jar;D:\Hanh\apache-maven-3.9.6\repository\io\cucumber\cucumber-core\7.17.0\cucumber-core-7.17.0.jar;D:\Hanh\apache-maven-3.9.6\repository\io\cucumber\cucumber-gherkin\7.17.0\cucumber-gherkin-7.17.0.jar;D:\Hanh\apache-maven-3.9.6\repository\io\cucumber\cucumber-gherkin-messages\7.17.0\cucumber-gherkin-messages-7.17.0.jar;D:\Hanh\apache-maven-3.9.6\repository\io\cucumber\gherkin\28.0.0\gherkin-28.0.0.jar;D:\Hanh\apache-maven-3.9.6\repository\io\cucumber\messages\24.1.0\messages-24.1.0.jar;D:\Hanh\apache-maven-3.9.6\repository\io\cucumber\testng-xml-formatter\0.1.0\testng-xml-formatter-0.1.0.jar;D:\Hanh\apache-maven-3.9.6\repository\io\cucumber\query\12.1.2\query-12.1.2.jar;D:\Hanh\apache-maven-3.9.6\repository\io\cucumber\tag-expressions\6.1.0\tag-expressions-6.1.0.jar;D:\Hanh\apache-maven-3.9.6\repository\io\cucumber\cucumber-expressions\17.1.0\cucumber-expressions-17.1.0.jar;D:\Hanh\apache-maven-3.9.6\repository\io\cucumber\datatable\7.17.0\datatable-7.17.0.jar;D:\Hanh\apache-maven-3.9.6\repository\io\cucumber\cucumber-plugin\7.17.0\cucumber-plugin-7.17.0.jar;D:\Hanh\apache-maven-3.9.6\repository\io\cucumber\docstring\7.17.0\docstring-7.17.0.jar;D:\Hanh\apache-maven-3.9.6\repository\io\cucumber\html-formatter\21.3.1\html-formatter-21.3.1.jar;D:\Hanh\apache-maven-3.9.6\repository\io\cucumber\junit-xml-formatter\0.4.0\junit-xml-formatter-0.4.0.jar;D:\Hanh\apache-maven-3.9.6\repository\io\cucumber\ci-environment\10.0.1\ci-environment-10.0.1.jar;D:\Hanh\apache-maven-3.9.6\repository\org\apiguardian\apiguardian-api\1.1.2\apiguardian-api-1.1.2.jar;D:\Hanh\apache-maven-3.9.6\repository\io\cucumber\cucumber-java\7.17.0\cucumber-java-7.17.0.jar;D:\Hanh\apache-maven-3.9.6\repository\com\typesafe\config\1.4.3\config-1.4.3.jar;D:\Hanh\apache-maven-3.9.6\repository\org\imgscalr\imgscalr-lib\4.2\imgscalr-lib-4.2.jar;D:\Hanh\apache-maven-3.9.6\repository\org\awaitility\awaitility\4.2.0\awaitility-4.2.0.jar;D:\Hanh\apache-maven-3.9.6\repository\org\freemarker\freemarker\2.3.32\freemarker-2.3.32.jar;D:\Hanh\apache-maven-3.9.6\repository\io\github\classgraph\classgraph\4.8.157\classgraph-4.8.157.jar;D:\Hanh\apache-maven-3.9.6\repository\com\github\ben-manes\caffeine\caffeine\2.9.2\caffeine-2.9.2.jar;D:\Hanh\apache-maven-3.9.6\repository\org\ehcache\ehcache\3.10.8\ehcache-3.10.8.jar;D:\Hanh\apache-maven-3.9.6\repository\javax\cache\cache-api\1.1.0\cache-api-1.1.0.jar;D:\Hanh\apache-maven-3.9.6\repository\net\sourceforge\jexcelapi\jxl\2.6.12\jxl-2.6.12.jar;D:\Hanh\apache-maven-3.9.6\repository\net\bytebuddy\byte-buddy\1.14.15\byte-buddy-1.14.15.jar;D:\Hanh\apache-maven-3.9.6\repository\net\bytebuddy\byte-buddy-agent\1.14.15\byte-buddy-agent-1.14.15.jar;D:\Hanh\apache-maven-3.9.6\repository\org\objenesis\objenesis\3.3\objenesis-3.3.jar;D:\Hanh\apache-maven-3.9.6\repository\com\vladsch\flexmark\flexmark-all\0.64.8\flexmark-all-0.64.8.jar;D:\Hanh\apache-maven-3.9.6\repository\com\vladsch\flexmark\flexmark\0.64.8\flexmark-0.64.8.jar;D:\Hanh\apache-maven-3.9.6\repository\com\vladsch\flexmark\flexmark-ext-abbreviation\0.64.8\flexmark-ext-abbreviation-0.64.8.jar;D:\Hanh\apache-maven-3.9.6\repository\com\vladsch\flexmark\flexmark-ext-admonition\0.64.8\flexmark-ext-admonition-0.64.8.jar;D:\Hanh\apache-maven-3.9.6\repository\com\vladsch\flexmark\flexmark-ext-anchorlink\0.64.8\flexmark-ext-anchorlink-0.64.8.jar;D:\Hanh\apache-maven-3.9.6\repository\com\vladsch\flexmark\flexmark-ext-aside\0.64.8\flexmark-ext-aside-0.64.8.jar;D:\Hanh\apache-maven-3.9.6\repository\com\vladsch\flexmark\flexmark-ext-attributes\0.64.8\flexmark-ext-attributes-0.64.8.jar;D:\Hanh\apache-maven-3.9.6\repository\com\vladsch\flexmark\flexmark-ext-autolink\0.64.8\flexmark-ext-autolink-0.64.8.jar;D:\Hanh\apache-maven-3.9.6\repository\org\nibor\autolink\autolink\0.6.0\autolink-0.6.0.jar;D:\Hanh\apache-maven-3.9.6\repository\com\vladsch\flexmark\flexmark-ext-definition\0.64.8\flexmark-ext-definition-0.64.8.jar;D:\Hanh\apache-maven-3.9.6\repository\com\vladsch\flexmark\flexmark-ext-emoji\0.64.8\flexmark-ext-emoji-0.64.8.jar;D:\Hanh\apache-maven-3.9.6\repository\com\vladsch\flexmark\flexmark-ext-enumerated-reference\0.64.8\flexmark-ext-enumerated-reference-0.64.8.jar;D:\Hanh\apache-maven-3.9.6\repository\com\vladsch\flexmark\flexmark-ext-escaped-character\0.64.8\flexmark-ext-escaped-character-0.64.8.jar;D:\Hanh\apache-maven-3.9.6\repository\com\vladsch\flexmark\flexmark-ext-footnotes\0.64.8\flexmark-ext-footnotes-0.64.8.jar;D:\Hanh\apache-maven-3.9.6\repository\com\vladsch\flexmark\flexmark-ext-gfm-issues\0.64.8\flexmark-ext-gfm-issues-0.64.8.jar;D:\Hanh\apache-maven-3.9.6\repository\com\vladsch\flexmark\flexmark-ext-gfm-strikethrough\0.64.8\flexmark-ext-gfm-strikethrough-0.64.8.jar;D:\Hanh\apache-maven-3.9.6\repository\com\vladsch\flexmark\flexmark-ext-gfm-tasklist\0.64.8\flexmark-ext-gfm-tasklist-0.64.8.jar;D:\Hanh\apache-maven-3.9.6\repository\com\vladsch\flexmark\flexmark-ext-gfm-users\0.64.8\flexmark-ext-gfm-users-0.64.8.jar;D:\Hanh\apache-maven-3.9.6\repository\com\vladsch\flexmark\flexmark-ext-gitlab\0.64.8\flexmark-ext-gitlab-0.64.8.jar;D:\Hanh\apache-maven-3.9.6\repository\com\vladsch\flexmark\flexmark-ext-jekyll-front-matter\0.64.8\flexmark-ext-jekyll-front-matter-0.64.8.jar;D:\Hanh\apache-maven-3.9.6\repository\com\vladsch\flexmark\flexmark-ext-jekyll-tag\0.64.8\flexmark-ext-jekyll-tag-0.64.8.jar;D:\Hanh\apache-maven-3.9.6\repository\com\vladsch\flexmark\flexmark-ext-media-tags\0.64.8\flexmark-ext-media-tags-0.64.8.jar;D:\Hanh\apache-maven-3.9.6\repository\com\vladsch\flexmark\flexmark-ext-macros\0.64.8\flexmark-ext-macros-0.64.8.jar;D:\Hanh\apache-maven-3.9.6\repository\com\vladsch\flexmark\flexmark-ext-ins\0.64.8\flexmark-ext-ins-0.64.8.jar;D:\Hanh\apache-maven-3.9.6\repository\com\vladsch\flexmark\flexmark-ext-xwiki-macros\0.64.8\flexmark-ext-xwiki-macros-0.64.8.jar;D:\Hanh\apache-maven-3.9.6\repository\com\vladsch\flexmark\flexmark-ext-superscript\0.64.8\flexmark-ext-superscript-0.64.8.jar;D:\Hanh\apache-maven-3.9.6\repository\com\vladsch\flexmark\flexmark-ext-toc\0.64.8\flexmark-ext-toc-0.64.8.jar;D:\Hanh\apache-maven-3.9.6\repository\com\vladsch\flexmark\flexmark-ext-typographic\0.64.8\flexmark-ext-typographic-0.64.8.jar;D:\Hanh\apache-maven-3.9.6\repository\com\vladsch\flexmark\flexmark-ext-wikilink\0.64.8\flexmark-ext-wikilink-0.64.8.jar;D:\Hanh\apache-maven-3.9.6\repository\com\vladsch\flexmark\flexmark-ext-yaml-front-matter\0.64.8\flexmark-ext-yaml-front-matter-0.64.8.jar;D:\Hanh\apache-maven-3.9.6\repository\com\vladsch\flexmark\flexmark-ext-youtube-embedded\0.64.8\flexmark-ext-youtube-embedded-0.64.8.jar;D:\Hanh\apache-maven-3.9.6\repository\com\vladsch\flexmark\flexmark-html2md-converter\0.64.8\flexmark-html2md-converter-0.64.8.jar;D:\Hanh\apache-maven-3.9.6\repository\com\vladsch\flexmark\flexmark-jira-converter\0.64.8\flexmark-jira-converter-0.64.8.jar;D:\Hanh\apache-maven-3.9.6\repository\com\vladsch\flexmark\flexmark-pdf-converter\0.64.8\flexmark-pdf-converter-0.64.8.jar;D:\Hanh\apache-maven-3.9.6\repository\com\openhtmltopdf\openhtmltopdf-core\1.0.10\openhtmltopdf-core-1.0.10.jar;D:\Hanh\apache-maven-3.9.6\repository\com\openhtmltopdf\openhtmltopdf-pdfbox\1.0.10\openhtmltopdf-pdfbox-1.0.10.jar;D:\Hanh\apache-maven-3.9.6\repository\org\apache\pdfbox\pdfbox\2.0.24\pdfbox-2.0.24.jar;D:\Hanh\apache-maven-3.9.6\repository\org\apache\pdfbox\fontbox\2.0.24\fontbox-2.0.24.jar;D:\Hanh\apache-maven-3.9.6\repository\org\apache\pdfbox\xmpbox\2.0.24\xmpbox-2.0.24.jar;D:\Hanh\apache-maven-3.9.6\repository\de\rototor\pdfbox\graphics2d\0.32\graphics2d-0.32.jar;D:\Hanh\apache-maven-3.9.6\repository\com\openhtmltopdf\openhtmltopdf-rtl-support\1.0.10\openhtmltopdf-rtl-support-1.0.10.jar;D:\Hanh\apache-maven-3.9.6\repository\com\vladsch\flexmark\flexmark-profile-pegdown\0.64.8\flexmark-profile-pegdown-0.64.8.jar;D:\Hanh\apache-maven-3.9.6\repository\com\vladsch\flexmark\flexmark-util-ast\0.64.8\flexmark-util-ast-0.64.8.jar;D:\Hanh\apache-maven-3.9.6\repository\com\vladsch\flexmark\flexmark-util-builder\0.64.8\flexmark-util-builder-0.64.8.jar;D:\Hanh\apache-maven-3.9.6\repository\com\vladsch\flexmark\flexmark-util-collection\0.64.8\flexmark-util-collection-0.64.8.jar;D:\Hanh\apache-maven-3.9.6\repository\com\vladsch\flexmark\flexmark-util-data\0.64.8\flexmark-util-data-0.64.8.jar;D:\Hanh\apache-maven-3.9.6\repository\com\vladsch\flexmark\flexmark-util-dependency\0.64.8\flexmark-util-dependency-0.64.8.jar;D:\Hanh\apache-maven-3.9.6\repository\com\vladsch\flexmark\flexmark-util-format\0.64.8\flexmark-util-format-0.64.8.jar;D:\Hanh\apache-maven-3.9.6\repository\com\vladsch\flexmark\flexmark-util-html\0.64.8\flexmark-util-html-0.64.8.jar;D:\Hanh\apache-maven-3.9.6\repository\com\vladsch\flexmark\flexmark-util-misc\0.64.8\flexmark-util-misc-0.64.8.jar;D:\Hanh\apache-maven-3.9.6\repository\com\vladsch\flexmark\flexmark-util-options\0.64.8\flexmark-util-options-0.64.8.jar;D:\Hanh\apache-maven-3.9.6\repository\com\vladsch\flexmark\flexmark-util-sequence\0.64.8\flexmark-util-sequence-0.64.8.jar;D:\Hanh\apache-maven-3.9.6\repository\com\vladsch\flexmark\flexmark-util-visitor\0.64.8\flexmark-util-visitor-0.64.8.jar;D:\Hanh\apache-maven-3.9.6\repository\com\vladsch\flexmark\flexmark-youtrack-converter\0.64.8\flexmark-youtrack-converter-0.64.8.jar;D:\Hanh\apache-maven-3.9.6\repository\com\vladsch\flexmark\flexmark-ext-resizable-image\0.64.8\flexmark-ext-resizable-image-0.64.8.jar;D:\Hanh\apache-maven-3.9.6\repository\com\vladsch\flexmark\flexmark-ext-tables\0.64.8\flexmark-ext-tables-0.64.8.jar;D:\Hanh\apache-maven-3.9.6\repository\com\vladsch\flexmark\flexmark-util\0.64.8\flexmark-util-0.64.8.jar;D:\Hanh\apache-maven-3.9.6\repository\net\serenity-bdd\serenity-reports\4.1.14\serenity-reports-4.1.14.jar;D:\Hanh\apache-maven-3.9.6\repository\net\serenity-bdd\serenity-stats\4.1.14\serenity-stats-4.1.14.jar;D:\Hanh\apache-maven-3.9.6\repository\net\serenity-bdd\serenity-reports-configuration\4.1.14\serenity-reports-configuration-4.1.14.jar;D:\Hanh\apache-maven-3.9.6\repository\com\ibm\icu\icu4j\72.1\icu4j-72.1.jar;D:\Hanh\apache-maven-3.9.6\repository\es\nitaur\markdown\txtmark\0.16\txtmark-0.16.jar;D:\Hanh\apache-maven-3.9.6\repository\net\serenity-bdd\serenity-report-resources\4.1.14\serenity-report-resources-4.1.14.jar;D:\Hanh\apache-maven-3.9.6\repository\com\google\code\gson\gson\2.10.1\gson-2.10.1.jar;D:\Hanh\apache-maven-3.9.6\repository\com\fasterxml\jackson\core\jackson-core\2.17.0\jackson-core-2.17.0.jar;D:\Hanh\apache-maven-3.9.6\repository\com\fasterxml\jackson\core\jackson-databind\2.17.0\jackson-databind-2.17.0.jar;D:\Hanh\apache-maven-3.9.6\repository\com\fasterxml\jackson\core\jackson-annotations\2.17.0\jackson-annotations-2.17.0.jar;D:\Hanh\apache-maven-3.9.6\repository\commons-codec\commons-codec\1.16.1\commons-codec-1.16.1.jar;D:\Hanh\apache-maven-3.9.6\repository\commons-io\commons-io\2.15.1\commons-io-2.15.1.jar;D:\Hanh\apache-maven-3.9.6\repository\org\apache\httpcomponents\httpclient\4.5.13\httpclient-4.5.13.jar;D:\Hanh\apache-maven-3.9.6\repository\org\apache\httpcomponents\httpcore\4.4.13\httpcore-4.4.13.jar;D:\Hanh\apache-maven-3.9.6\repository\commons-logging\commons-logging\1.2\commons-logging-1.2.jar;D:\Hanh\apache-maven-3.9.6\repository\org\seleniumhq\selenium\selenium-java\4.21.0\selenium-java-4.21.0.jar;D:\Hanh\apache-maven-3.9.6\repository\org\seleniumhq\selenium\selenium-devtools-v123\4.21.0\selenium-devtools-v123-4.21.0.jar;D:\Hanh\apache-maven-3.9.6\repository\org\seleniumhq\selenium\selenium-devtools-v124\4.21.0\selenium-devtools-v124-4.21.0.jar;D:\Hanh\apache-maven-3.9.6\repository\org\seleniumhq\selenium\selenium-devtools-v125\4.21.0\selenium-devtools-v125-4.21.0.jar;D:\Hanh\apache-maven-3.9.6\repository\org\seleniumhq\selenium\selenium-devtools-v85\4.21.0\selenium-devtools-v85-4.21.0.jar;D:\Hanh\apache-maven-3.9.6\repository\org\seleniumhq\selenium\selenium-remote-driver\4.21.0\selenium-remote-driver-4.21.0.jar;D:\Hanh\apache-maven-3.9.6\repository\io\opentelemetry\semconv\opentelemetry-semconv\1.25.0-alpha\opentelemetry-semconv-1.25.0-alpha.jar;D:\Hanh\apache-maven-3.9.6\repository\io\opentelemetry\opentelemetry-api\1.38.0\opentelemetry-api-1.38.0.jar;D:\Hanh\apache-maven-3.9.6\repository\io\opentelemetry\opentelemetry-context\1.38.0\opentelemetry-context-1.38.0.jar;D:\Hanh\apache-maven-3.9.6\repository\io\opentelemetry\opentelemetry-exporter-logging\1.38.0\opentelemetry-exporter-logging-1.38.0.jar;D:\Hanh\apache-maven-3.9.6\repository\io\opentelemetry\opentelemetry-sdk-common\1.38.0\opentelemetry-sdk-common-1.38.0.jar;D:\Hanh\apache-maven-3.9.6\repository\io\opentelemetry\opentelemetry-sdk-extension-autoconfigure-spi\1.38.0\opentelemetry-sdk-extension-autoconfigure-spi-1.38.0.jar;D:\Hanh\apache-maven-3.9.6\repository\io\opentelemetry\opentelemetry-sdk-extension-autoconfigure\1.38.0\opentelemetry-sdk-extension-autoconfigure-1.38.0.jar;D:\Hanh\apache-maven-3.9.6\repository\io\opentelemetry\opentelemetry-api-incubator\1.38.0-alpha\opentelemetry-api-incubator-1.38.0-alpha.jar;D:\Hanh\apache-maven-3.9.6\repository\io\opentelemetry\opentelemetry-sdk-trace\1.38.0\opentelemetry-sdk-trace-1.38.0.jar;D:\Hanh\apache-maven-3.9.6\repository\io\opentelemetry\opentelemetry-sdk\1.38.0\opentelemetry-sdk-1.38.0.jar;D:\Hanh\apache-maven-3.9.6\repository\io\opentelemetry\opentelemetry-sdk-metrics\1.38.0\opentelemetry-sdk-metrics-1.38.0.jar;D:\Hanh\apache-maven-3.9.6\repository\io\opentelemetry\opentelemetry-sdk-logs\1.38.0\opentelemetry-sdk-logs-1.38.0.jar;D:\Hanh\apache-maven-3.9.6\repository\org\seleniumhq\selenium\selenium-os\4.21.0\selenium-os-4.21.0.jar;D:\Hanh\apache-maven-3.9.6\repository\org\apache\commons\commons-exec\1.4.0\commons-exec-1.4.0.jar;D:\Hanh\apache-maven-3.9.6\repository\org\seleniumhq\selenium\selenium-safari-driver\4.21.0\selenium-safari-driver-4.21.0.jar;D:\Hanh\apache-maven-3.9.6\repository\org\seleniumhq\selenium\selenium-api\4.21.0\selenium-api-4.21.0.jar;D:\Hanh\apache-maven-3.9.6\repository\org\seleniumhq\selenium\selenium-support\4.21.0\selenium-support-4.21.0.jar;D:\Hanh\apache-maven-3.9.6\repository\com\google\auto\service\auto-service-annotations\1.1.1\auto-service-annotations-1.1.1.jar;D:\Hanh\apache-maven-3.9.6\repository\org\seleniumhq\selenium\selenium-json\4.21.0\selenium-json-4.21.0.jar;D:\Hanh\apache-maven-3.9.6\repository\org\seleniumhq\selenium\selenium-chrome-driver\4.21.0\selenium-chrome-driver-4.21.0.jar;D:\Hanh\apache-maven-3.9.6\repository\org\seleniumhq\selenium\selenium-chromium-driver\4.21.0\selenium-chromium-driver-4.21.0.jar;D:\Hanh\apache-maven-3.9.6\repository\org\seleniumhq\selenium\selenium-manager\4.21.0\selenium-manager-4.21.0.jar;D:\Hanh\apache-maven-3.9.6\repository\org\seleniumhq\selenium\selenium-firefox-driver\4.21.0\selenium-firefox-driver-4.21.0.jar;D:\Hanh\apache-maven-3.9.6\repository\org\seleniumhq\selenium\selenium-http\4.21.0\selenium-http-4.21.0.jar;D:\Hanh\apache-maven-3.9.6\repository\dev\failsafe\failsafe\3.3.2\failsafe-3.3.2.jar;D:\Hanh\apache-maven-3.9.6\repository\org\seleniumhq\selenium\selenium-edge-driver\4.21.0\selenium-edge-driver-4.21.0.jar;D:\Hanh\apache-maven-3.9.6\repository\org\seleniumhq\selenium\selenium-ie-driver\4.21.0\selenium-ie-driver-4.21.0.jar;D:\Hanh\apache-maven-3.9.6\repository\org\htmlunit\htmlunit\4.1.0\htmlunit-4.1.0.jar;D:\Hanh\apache-maven-3.9.6\repository\org\apache\httpcomponents\httpmime\4.5.14\httpmime-4.5.14.jar;D:\Hanh\apache-maven-3.9.6\repository\org\htmlunit\htmlunit-core-js\4.1.0\htmlunit-core-js-4.1.0.jar;D:\Hanh\apache-maven-3.9.6\repository\org\htmlunit\neko-htmlunit\4.1.0\neko-htmlunit-4.1.0.jar;D:\Hanh\apache-maven-3.9.6\repository\org\htmlunit\htmlunit-cssparser\4.1.0\htmlunit-cssparser-4.1.0.jar;D:\Hanh\apache-maven-3.9.6\repository\org\htmlunit\htmlunit-xpath\4.1.0\htmlunit-xpath-4.1.0.jar;D:\Hanh\apache-maven-3.9.6\repository\org\htmlunit\htmlunit-csp\4.1.0\htmlunit-csp-4.1.0.jar;D:\Hanh\apache-maven-3.9.6\repository\org\htmlunit\htmlunit-websocket-client\4.1.0\htmlunit-websocket-client-4.1.0.jar;D:\Hanh\apache-maven-3.9.6\repository\org\brotli\dec\0.1.2\dec-0.1.2.jar;D:\Hanh\apache-maven-3.9.6\repository\org\seleniumhq\selenium\htmlunit3-driver\4.21.0\htmlunit3-driver-4.21.0.jar;D:\Hanh\apache-maven-3.9.6\repository\io\appium\java-client\9.2.2\java-client-9.2.2.jar;D:\Hanh\apache-maven-3.9.6\repository\org\apache\groovy\groovy\4.0.13\groovy-4.0.13.jar;D:\Hanh\apache-maven-3.9.6\repository\net\sf\opencsv\opencsv\2.1\opencsv-2.1.jar;D:\Hanh\apache-maven-3.9.6\repository\org\apache\commons\commons-lang3\3.14.0\commons-lang3-3.14.0.jar;D:\Hanh\apache-maven-3.9.6\repository\org\apache\commons\commons-compress\1.26.0\commons-compress-1.26.0.jar;D:\Hanh\apache-maven-3.9.6\repository\org\fluentlenium\fluentlenium-core\0.10.2\fluentlenium-core-0.10.2.jar;D:\Hanh\apache-maven-3.9.6\repository\com\jhlabs\filters\2.0.235\filters-2.0.235.jar;D:\Hanh\apache-maven-3.9.6\repository\com\paulhammant\ngwebdriver\1.1.6\ngwebdriver-1.1.6.jar;D:\Hanh\apache-maven-3.9.6\repository\joda-time\joda-time\2.12.7\joda-time-2.12.7.jar;D:\Hanh\apache-maven-3.9.6\repository\org\hamcrest\hamcrest\2.2\hamcrest-2.2.jar;D:\Hanh\apache-maven-3.9.6\repository\com\google\jimfs\jimfs\1.3.0\jimfs-1.3.0.jar;D:\Hanh\apache-maven-3.9.6\repository\org\mockito\mockito-core\3.3.3\mockito-core-3.3.3.jar;D:\Hanh\apache-maven-3.9.6\repository\javax\xml\bind\jaxb-api\2.3.1\jaxb-api-2.3.1.jar;D:\Hanh\apache-maven-3.9.6\repository\javax\activation\javax.activation-api\1.2.0\javax.activation-api-1.2.0.jar;D:\Hanh\apache-maven-3.9.6\repository\com\sun\xml\bind\jaxb-core\2.3.0.1\jaxb-core-2.3.0.1.jar;D:\Hanh\apache-maven-3.9.6\repository\com\sun\xml\bind\jaxb-impl\2.3.3\jaxb-impl-2.3.3.jar;D:\Hanh\apache-maven-3.9.6\repository\com\sun\activation\jakarta.activation\1.2.2\jakarta.activation-1.2.2.jar;D:\Hanh\apache-maven-3.9.6\repository\javax\activation\activation\1.1.1\activation-1.1.1.jar;D:\Hanh\apache-maven-3.9.6\repository\net\serenity-bdd\serenity-screenplay\4.1.14\serenity-screenplay-4.1.14.jar;D:\Hanh\apache-maven-3.9.6\repository\net\serenity-bdd\serenity-ensure\4.1.14\serenity-ensure-4.1.14.jar;D:\Hanh\apache-maven-3.9.6\repository\org\jetbrains\kotlin\kotlin-stdlib\1.9.24\kotlin-stdlib-1.9.24.jar;D:\Hanh\apache-maven-3.9.6\repository\org\jetbrains\annotations\13.0\annotations-13.0.jar;D:\Hanh\apache-maven-3.9.6\repository\net\serenity-bdd\serenity-screenplay-webdriver\4.1.14\serenity-screenplay-webdriver-4.1.14.jar;D:\Hanh\apache-maven-3.9.6\repository\net\serenity-bdd\serenity-junit\4.1.14\serenity-junit-4.1.14.jar;D:\Hanh\apache-maven-3.9.6\repository\jakarta\xml\bind\jakarta.xml.bind-api\4.0.0\jakarta.xml.bind-api-4.0.0.jar;D:\Hanh\apache-maven-3.9.6\repository\jakarta\activation\jakarta.activation-api\2.1.0\jakarta.activation-api-2.1.0.jar;D:\Hanh\apache-maven-3.9.6\repository\org\slf4j\slf4j-simple\1.7.7\slf4j-simple-1.7.7.jar;D:\Hanh\apache-maven-3.9.6\repository\org\slf4j\slf4j-api\1.7.7\slf4j-api-1.7.7.jar;D:\Hanh\apache-maven-3.9.6\repository\junit\junit\4.12\junit-4.12.jar;D:\Hanh\apache-maven-3.9.6\repository\org\hamcrest\hamcrest-core\1.3\hamcrest-core-1.3.jar;D:\Hanh\apache-maven-3.9.6\repository\org\assertj\assertj-core\3.8.0\assertj-core-3.8.0.jar;"/>
    <property name="sun.cpu.endian" value="little"/>
    <property name="user.home" value="C:\Users\quyet"/>
    <property name="user.language" value="en"/>
    <property name="java.specification.vendor" value="Oracle Corporation"/>
    <property name="jdk.module.path" value="D:\Hanh\Workking\Learning\Learning\target\Learning-1.0-SNAPSHOT.jar"/>
    <property name="java.version.date" value="2024-04-16"/>
    <property name="java.home" value="C:\Program Files\Java\jdk-22"/>
    <property name="tags" value="TC003"/>
    <property name="file.separator" value="\"/>
    <property name="basedir" value="D:\Hanh\Workking\Learning\Learning"/>
    <property name="java.vm.compressedOopsMode" value="32-bit"/>
    <property name="line.separator" value="&#10;"/>
    <property name="java.vm.specification.vendor" value="Oracle Corporation"/>
    <property name="java.specification.name" value="Java Platform API Specification"/>
    <property name="surefire.real.class.path" value="D:\Hanh\apache-maven-3.9.6\repository\org\apache\maven\surefire\surefire-booter\3.0.0-M5\surefire-booter-3.0.0-M5.jar;D:\Hanh\apache-maven-3.9.6\repository\org\apache\maven\surefire\surefire-api\3.0.0-M5\surefire-api-3.0.0-M5.jar;D:\Hanh\apache-maven-3.9.6\repository\org\apache\maven\surefire\surefire-logger-api\3.0.0-M5\surefire-logger-api-3.0.0-M5.jar;D:\Hanh\apache-maven-3.9.6\repository\org\apache\maven\surefire\surefire-shared-utils\3.0.0-M4\surefire-shared-utils-3.0.0-M4.jar;D:\Hanh\apache-maven-3.9.6\repository\org\apache\maven\surefire\surefire-extensions-spi\3.0.0-M5\surefire-extensions-spi-3.0.0-M5.jar;D:\Hanh\Workking\Learning\Learning\target\test-classes;D:\Hanh\apache-maven-3.9.6\repository\net\serenity-bdd\serenity-core\4.1.14\serenity-core-4.1.14.jar;D:\Hanh\apache-maven-3.9.6\repository\net\serenity-bdd\serenity-model\4.1.14\serenity-model-4.1.14.jar;D:\Hanh\apache-maven-3.9.6\repository\org\apache\commons\commons-text\1.11.0\commons-text-1.11.0.jar;D:\Hanh\apache-maven-3.9.6\repository\commons-net\commons-net\3.10.0\commons-net-3.10.0.jar;D:\Hanh\apache-maven-3.9.6\repository\com\google\guava\guava\33.1.0-jre\guava-33.1.0-jre.jar;D:\Hanh\apache-maven-3.9.6\repository\com\google\guava\failureaccess\1.0.2\failureaccess-1.0.2.jar;D:\Hanh\apache-maven-3.9.6\repository\com\google\guava\listenablefuture\9999.0-empty-to-avoid-conflict-with-guava\listenablefuture-9999.0-empty-to-avoid-conflict-with-guava.jar;D:\Hanh\apache-maven-3.9.6\repository\com\google\code\findbugs\jsr305\3.0.2\jsr305-3.0.2.jar;D:\Hanh\apache-maven-3.9.6\repository\org\checkerframework\checker-qual\3.42.0\checker-qual-3.42.0.jar;D:\Hanh\apache-maven-3.9.6\repository\com\google\errorprone\error_prone_annotations\2.26.1\error_prone_annotations-2.26.1.jar;D:\Hanh\apache-maven-3.9.6\repository\com\google\j2objc\j2objc-annotations\3.0.0\j2objc-annotations-3.0.0.jar;D:\Hanh\apache-maven-3.9.6\repository\org\jsoup\jsoup\1.15.4\jsoup-1.15.4.jar;D:\Hanh\apache-maven-3.9.6\repository\com\thoughtworks\xstream\xstream\1.4.20\xstream-1.4.20.jar;D:\Hanh\apache-maven-3.9.6\repository\io\github\x-stream\mxparser\1.2.2\mxparser-1.2.2.jar;D:\Hanh\apache-maven-3.9.6\repository\xmlpull\xmlpull\1.1.3.1\xmlpull-1.1.3.1.jar;D:\Hanh\apache-maven-3.9.6\repository\io\cucumber\cucumber-core\7.17.0\cucumber-core-7.17.0.jar;D:\Hanh\apache-maven-3.9.6\repository\io\cucumber\cucumber-gherkin\7.17.0\cucumber-gherkin-7.17.0.jar;D:\Hanh\apache-maven-3.9.6\repository\io\cucumber\cucumber-gherkin-messages\7.17.0\cucumber-gherkin-messages-7.17.0.jar;D:\Hanh\apache-maven-3.9.6\repository\io\cucumber\gherkin\28.0.0\gherkin-28.0.0.jar;D:\Hanh\apache-maven-3.9.6\repository\io\cucumber\messages\24.1.0\messages-24.1.0.jar;D:\Hanh\apache-maven-3.9.6\repository\io\cucumber\testng-xml-formatter\0.1.0\testng-xml-formatter-0.1.0.jar;D:\Hanh\apache-maven-3.9.6\repository\io\cucumber\query\12.1.2\query-12.1.2.jar;D:\Hanh\apache-maven-3.9.6\repository\io\cucumber\tag-expressions\6.1.0\tag-expressions-6.1.0.jar;D:\Hanh\apache-maven-3.9.6\repository\io\cucumber\cucumber-expressions\17.1.0\cucumber-expressions-17.1.0.jar;D:\Hanh\apache-maven-3.9.6\repository\io\cucumber\datatable\7.17.0\datatable-7.17.0.jar;D:\Hanh\apache-maven-3.9.6\repository\io\cucumber\cucumber-plugin\7.17.0\cucumber-plugin-7.17.0.jar;D:\Hanh\apache-maven-3.9.6\repository\io\cucumber\docstring\7.17.0\docstring-7.17.0.jar;D:\Hanh\apache-maven-3.9.6\repository\io\cucumber\html-formatter\21.3.1\html-formatter-21.3.1.jar;D:\Hanh\apache-maven-3.9.6\repository\io\cucumber\junit-xml-formatter\0.4.0\junit-xml-formatter-0.4.0.jar;D:\Hanh\apache-maven-3.9.6\repository\io\cucumber\ci-environment\10.0.1\ci-environment-10.0.1.jar;D:\Hanh\apache-maven-3.9.6\repository\org\apiguardian\apiguardian-api\1.1.2\apiguardian-api-1.1.2.jar;D:\Hanh\apache-maven-3.9.6\repository\io\cucumber\cucumber-java\7.17.0\cucumber-java-7.17.0.jar;D:\Hanh\apache-maven-3.9.6\repository\com\typesafe\config\1.4.3\config-1.4.3.jar;D:\Hanh\apache-maven-3.9.6\repository\org\imgscalr\imgscalr-lib\4.2\imgscalr-lib-4.2.jar;D:\Hanh\apache-maven-3.9.6\repository\org\awaitility\awaitility\4.2.0\awaitility-4.2.0.jar;D:\Hanh\apache-maven-3.9.6\repository\org\freemarker\freemarker\2.3.32\freemarker-2.3.32.jar;D:\Hanh\apache-maven-3.9.6\repository\io\github\classgraph\classgraph\4.8.157\classgraph-4.8.157.jar;D:\Hanh\apache-maven-3.9.6\repository\com\github\ben-manes\caffeine\caffeine\2.9.2\caffeine-2.9.2.jar;D:\Hanh\apache-maven-3.9.6\repository\org\ehcache\ehcache\3.10.8\ehcache-3.10.8.jar;D:\Hanh\apache-maven-3.9.6\repository\javax\cache\cache-api\1.1.0\cache-api-1.1.0.jar;D:\Hanh\apache-maven-3.9.6\repository\net\sourceforge\jexcelapi\jxl\2.6.12\jxl-2.6.12.jar;D:\Hanh\apache-maven-3.9.6\repository\net\bytebuddy\byte-buddy\1.14.15\byte-buddy-1.14.15.jar;D:\Hanh\apache-maven-3.9.6\repository\net\bytebuddy\byte-buddy-agent\1.14.15\byte-buddy-agent-1.14.15.jar;D:\Hanh\apache-maven-3.9.6\repository\org\objenesis\objenesis\3.3\objenesis-3.3.jar;D:\Hanh\apache-maven-3.9.6\repository\com\vladsch\flexmark\flexmark-all\0.64.8\flexmark-all-0.64.8.jar;D:\Hanh\apache-maven-3.9.6\repository\com\vladsch\flexmark\flexmark\0.64.8\flexmark-0.64.8.jar;D:\Hanh\apache-maven-3.9.6\repository\com\vladsch\flexmark\flexmark-ext-abbreviation\0.64.8\flexmark-ext-abbreviation-0.64.8.jar;D:\Hanh\apache-maven-3.9.6\repository\com\vladsch\flexmark\flexmark-ext-admonition\0.64.8\flexmark-ext-admonition-0.64.8.jar;D:\Hanh\apache-maven-3.9.6\repository\com\vladsch\flexmark\flexmark-ext-anchorlink\0.64.8\flexmark-ext-anchorlink-0.64.8.jar;D:\Hanh\apache-maven-3.9.6\repository\com\vladsch\flexmark\flexmark-ext-aside\0.64.8\flexmark-ext-aside-0.64.8.jar;D:\Hanh\apache-maven-3.9.6\repository\com\vladsch\flexmark\flexmark-ext-attributes\0.64.8\flexmark-ext-attributes-0.64.8.jar;D:\Hanh\apache-maven-3.9.6\repository\com\vladsch\flexmark\flexmark-ext-autolink\0.64.8\flexmark-ext-autolink-0.64.8.jar;D:\Hanh\apache-maven-3.9.6\repository\org\nibor\autolink\autolink\0.6.0\autolink-0.6.0.jar;D:\Hanh\apache-maven-3.9.6\repository\com\vladsch\flexmark\flexmark-ext-definition\0.64.8\flexmark-ext-definition-0.64.8.jar;D:\Hanh\apache-maven-3.9.6\repository\com\vladsch\flexmark\flexmark-ext-emoji\0.64.8\flexmark-ext-emoji-0.64.8.jar;D:\Hanh\apache-maven-3.9.6\repository\com\vladsch\flexmark\flexmark-ext-enumerated-reference\0.64.8\flexmark-ext-enumerated-reference-0.64.8.jar;D:\Hanh\apache-maven-3.9.6\repository\com\vladsch\flexmark\flexmark-ext-escaped-character\0.64.8\flexmark-ext-escaped-character-0.64.8.jar;D:\Hanh\apache-maven-3.9.6\repository\com\vladsch\flexmark\flexmark-ext-footnotes\0.64.8\flexmark-ext-footnotes-0.64.8.jar;D:\Hanh\apache-maven-3.9.6\repository\com\vladsch\flexmark\flexmark-ext-gfm-issues\0.64.8\flexmark-ext-gfm-issues-0.64.8.jar;D:\Hanh\apache-maven-3.9.6\repository\com\vladsch\flexmark\flexmark-ext-gfm-strikethrough\0.64.8\flexmark-ext-gfm-strikethrough-0.64.8.jar;D:\Hanh\apache-maven-3.9.6\repository\com\vladsch\flexmark\flexmark-ext-gfm-tasklist\0.64.8\flexmark-ext-gfm-tasklist-0.64.8.jar;D:\Hanh\apache-maven-3.9.6\repository\com\vladsch\flexmark\flexmark-ext-gfm-users\0.64.8\flexmark-ext-gfm-users-0.64.8.jar;D:\Hanh\apache-maven-3.9.6\repository\com\vladsch\flexmark\flexmark-ext-gitlab\0.64.8\flexmark-ext-gitlab-0.64.8.jar;D:\Hanh\apache-maven-3.9.6\repository\com\vladsch\flexmark\flexmark-ext-jekyll-front-matter\0.64.8\flexmark-ext-jekyll-front-matter-0.64.8.jar;D:\Hanh\apache-maven-3.9.6\repository\com\vladsch\flexmark\flexmark-ext-jekyll-tag\0.64.8\flexmark-ext-jekyll-tag-0.64.8.jar;D:\Hanh\apache-maven-3.9.6\repository\com\vladsch\flexmark\flexmark-ext-media-tags\0.64.8\flexmark-ext-media-tags-0.64.8.jar;D:\Hanh\apache-maven-3.9.6\repository\com\vladsch\flexmark\flexmark-ext-macros\0.64.8\flexmark-ext-macros-0.64.8.jar;D:\Hanh\apache-maven-3.9.6\repository\com\vladsch\flexmark\flexmark-ext-ins\0.64.8\flexmark-ext-ins-0.64.8.jar;D:\Hanh\apache-maven-3.9.6\repository\com\vladsch\flexmark\flexmark-ext-xwiki-macros\0.64.8\flexmark-ext-xwiki-macros-0.64.8.jar;D:\Hanh\apache-maven-3.9.6\repository\com\vladsch\flexmark\flexmark-ext-superscript\0.64.8\flexmark-ext-superscript-0.64.8.jar;D:\Hanh\apache-maven-3.9.6\repository\com\vladsch\flexmark\flexmark-ext-toc\0.64.8\flexmark-ext-toc-0.64.8.jar;D:\Hanh\apache-maven-3.9.6\repository\com\vladsch\flexmark\flexmark-ext-typographic\0.64.8\flexmark-ext-typographic-0.64.8.jar;D:\Hanh\apache-maven-3.9.6\repository\com\vladsch\flexmark\flexmark-ext-wikilink\0.64.8\flexmark-ext-wikilink-0.64.8.jar;D:\Hanh\apache-maven-3.9.6\repository\com\vladsch\flexmark\flexmark-ext-yaml-front-matter\0.64.8\flexmark-ext-yaml-front-matter-0.64.8.jar;D:\Hanh\apache-maven-3.9.6\repository\com\vladsch\flexmark\flexmark-ext-youtube-embedded\0.64.8\flexmark-ext-youtube-embedded-0.64.8.jar;D:\Hanh\apache-maven-3.9.6\repository\com\vladsch\flexmark\flexmark-html2md-converter\0.64.8\flexmark-html2md-converter-0.64.8.jar;D:\Hanh\apache-maven-3.9.6\repository\com\vladsch\flexmark\flexmark-jira-converter\0.64.8\flexmark-jira-converter-0.64.8.jar;D:\Hanh\apache-maven-3.9.6\repository\com\vladsch\flexmark\flexmark-pdf-converter\0.64.8\flexmark-pdf-converter-0.64.8.jar;D:\Hanh\apache-maven-3.9.6\repository\com\openhtmltopdf\openhtmltopdf-core\1.0.10\openhtmltopdf-core-1.0.10.jar;D:\Hanh\apache-maven-3.9.6\repository\com\openhtmltopdf\openhtmltopdf-pdfbox\1.0.10\openhtmltopdf-pdfbox-1.0.10.jar;D:\Hanh\apache-maven-3.9.6\repository\org\apache\pdfbox\pdfbox\2.0.24\pdfbox-2.0.24.jar;D:\Hanh\apache-maven-3.9.6\repository\org\apache\pdfbox\fontbox\2.0.24\fontbox-2.0.24.jar;D:\Hanh\apache-maven-3.9.6\repository\org\apache\pdfbox\xmpbox\2.0.24\xmpbox-2.0.24.jar;D:\Hanh\apache-maven-3.9.6\repository\de\rototor\pdfbox\graphics2d\0.32\graphics2d-0.32.jar;D:\Hanh\apache-maven-3.9.6\repository\com\openhtmltopdf\openhtmltopdf-rtl-support\1.0.10\openhtmltopdf-rtl-support-1.0.10.jar;D:\Hanh\apache-maven-3.9.6\repository\com\vladsch\flexmark\flexmark-profile-pegdown\0.64.8\flexmark-profile-pegdown-0.64.8.jar;D:\Hanh\apache-maven-3.9.6\repository\com\vladsch\flexmark\flexmark-util-ast\0.64.8\flexmark-util-ast-0.64.8.jar;D:\Hanh\apache-maven-3.9.6\repository\com\vladsch\flexmark\flexmark-util-builder\0.64.8\flexmark-util-builder-0.64.8.jar;D:\Hanh\apache-maven-3.9.6\repository\com\vladsch\flexmark\flexmark-util-collection\0.64.8\flexmark-util-collection-0.64.8.jar;D:\Hanh\apache-maven-3.9.6\repository\com\vladsch\flexmark\flexmark-util-data\0.64.8\flexmark-util-data-0.64.8.jar;D:\Hanh\apache-maven-3.9.6\repository\com\vladsch\flexmark\flexmark-util-dependency\0.64.8\flexmark-util-dependency-0.64.8.jar;D:\Hanh\apache-maven-3.9.6\repository\com\vladsch\flexmark\flexmark-util-format\0.64.8\flexmark-util-format-0.64.8.jar;D:\Hanh\apache-maven-3.9.6\repository\com\vladsch\flexmark\flexmark-util-html\0.64.8\flexmark-util-html-0.64.8.jar;D:\Hanh\apache-maven-3.9.6\repository\com\vladsch\flexmark\flexmark-util-misc\0.64.8\flexmark-util-misc-0.64.8.jar;D:\Hanh\apache-maven-3.9.6\repository\com\vladsch\flexmark\flexmark-util-options\0.64.8\flexmark-util-options-0.64.8.jar;D:\Hanh\apache-maven-3.9.6\repository\com\vladsch\flexmark\flexmark-util-sequence\0.64.8\flexmark-util-sequence-0.64.8.jar;D:\Hanh\apache-maven-3.9.6\repository\com\vladsch\flexmark\flexmark-util-visitor\0.64.8\flexmark-util-visitor-0.64.8.jar;D:\Hanh\apache-maven-3.9.6\repository\com\vladsch\flexmark\flexmark-youtrack-converter\0.64.8\flexmark-youtrack-converter-0.64.8.jar;D:\Hanh\apache-maven-3.9.6\repository\com\vladsch\flexmark\flexmark-ext-resizable-image\0.64.8\flexmark-ext-resizable-image-0.64.8.jar;D:\Hanh\apache-maven-3.9.6\repository\com\vladsch\flexmark\flexmark-ext-tables\0.64.8\flexmark-ext-tables-0.64.8.jar;D:\Hanh\apache-maven-3.9.6\repository\com\vladsch\flexmark\flexmark-util\0.64.8\flexmark-util-0.64.8.jar;D:\Hanh\apache-maven-3.9.6\repository\net\serenity-bdd\serenity-reports\4.1.14\serenity-reports-4.1.14.jar;D:\Hanh\apache-maven-3.9.6\repository\net\serenity-bdd\serenity-stats\4.1.14\serenity-stats-4.1.14.jar;D:\Hanh\apache-maven-3.9.6\repository\net\serenity-bdd\serenity-reports-configuration\4.1.14\serenity-reports-configuration-4.1.14.jar;D:\Hanh\apache-maven-3.9.6\repository\com\ibm\icu\icu4j\72.1\icu4j-72.1.jar;D:\Hanh\apache-maven-3.9.6\repository\es\nitaur\markdown\txtmark\0.16\txtmark-0.16.jar;D:\Hanh\apache-maven-3.9.6\repository\net\serenity-bdd\serenity-report-resources\4.1.14\serenity-report-resources-4.1.14.jar;D:\Hanh\apache-maven-3.9.6\repository\com\google\code\gson\gson\2.10.1\gson-2.10.1.jar;D:\Hanh\apache-maven-3.9.6\repository\com\fasterxml\jackson\core\jackson-core\2.17.0\jackson-core-2.17.0.jar;D:\Hanh\apache-maven-3.9.6\repository\com\fasterxml\jackson\core\jackson-databind\2.17.0\jackson-databind-2.17.0.jar;D:\Hanh\apache-maven-3.9.6\repository\com\fasterxml\jackson\core\jackson-annotations\2.17.0\jackson-annotations-2.17.0.jar;D:\Hanh\apache-maven-3.9.6\repository\commons-codec\commons-codec\1.16.1\commons-codec-1.16.1.jar;D:\Hanh\apache-maven-3.9.6\repository\commons-io\commons-io\2.15.1\commons-io-2.15.1.jar;D:\Hanh\apache-maven-3.9.6\repository\org\apache\httpcomponents\httpclient\4.5.13\httpclient-4.5.13.jar;D:\Hanh\apache-maven-3.9.6\repository\org\apache\httpcomponents\httpcore\4.4.13\httpcore-4.4.13.jar;D:\Hanh\apache-maven-3.9.6\repository\commons-logging\commons-logging\1.2\commons-logging-1.2.jar;D:\Hanh\apache-maven-3.9.6\repository\org\seleniumhq\selenium\selenium-java\4.21.0\selenium-java-4.21.0.jar;D:\Hanh\apache-maven-3.9.6\repository\org\seleniumhq\selenium\selenium-devtools-v123\4.21.0\selenium-devtools-v123-4.21.0.jar;D:\Hanh\apache-maven-3.9.6\repository\org\seleniumhq\selenium\selenium-devtools-v124\4.21.0\selenium-devtools-v124-4.21.0.jar;D:\Hanh\apache-maven-3.9.6\repository\org\seleniumhq\selenium\selenium-devtools-v125\4.21.0\selenium-devtools-v125-4.21.0.jar;D:\Hanh\apache-maven-3.9.6\repository\org\seleniumhq\selenium\selenium-devtools-v85\4.21.0\selenium-devtools-v85-4.21.0.jar;D:\Hanh\apache-maven-3.9.6\repository\org\seleniumhq\selenium\selenium-remote-driver\4.21.0\selenium-remote-driver-4.21.0.jar;D:\Hanh\apache-maven-3.9.6\repository\io\opentelemetry\semconv\opentelemetry-semconv\1.25.0-alpha\opentelemetry-semconv-1.25.0-alpha.jar;D:\Hanh\apache-maven-3.9.6\repository\io\opentelemetry\opentelemetry-api\1.38.0\opentelemetry-api-1.38.0.jar;D:\Hanh\apache-maven-3.9.6\repository\io\opentelemetry\opentelemetry-context\1.38.0\opentelemetry-context-1.38.0.jar;D:\Hanh\apache-maven-3.9.6\repository\io\opentelemetry\opentelemetry-exporter-logging\1.38.0\opentelemetry-exporter-logging-1.38.0.jar;D:\Hanh\apache-maven-3.9.6\repository\io\opentelemetry\opentelemetry-sdk-common\1.38.0\opentelemetry-sdk-common-1.38.0.jar;D:\Hanh\apache-maven-3.9.6\repository\io\opentelemetry\opentelemetry-sdk-extension-autoconfigure-spi\1.38.0\opentelemetry-sdk-extension-autoconfigure-spi-1.38.0.jar;D:\Hanh\apache-maven-3.9.6\repository\io\opentelemetry\opentelemetry-sdk-extension-autoconfigure\1.38.0\opentelemetry-sdk-extension-autoconfigure-1.38.0.jar;D:\Hanh\apache-maven-3.9.6\repository\io\opentelemetry\opentelemetry-api-incubator\1.38.0-alpha\opentelemetry-api-incubator-1.38.0-alpha.jar;D:\Hanh\apache-maven-3.9.6\repository\io\opentelemetry\opentelemetry-sdk-trace\1.38.0\opentelemetry-sdk-trace-1.38.0.jar;D:\Hanh\apache-maven-3.9.6\repository\io\opentelemetry\opentelemetry-sdk\1.38.0\opentelemetry-sdk-1.38.0.jar;D:\Hanh\apache-maven-3.9.6\repository\io\opentelemetry\opentelemetry-sdk-metrics\1.38.0\opentelemetry-sdk-metrics-1.38.0.jar;D:\Hanh\apache-maven-3.9.6\repository\io\opentelemetry\opentelemetry-sdk-logs\1.38.0\opentelemetry-sdk-logs-1.38.0.jar;D:\Hanh\apache-maven-3.9.6\repository\org\seleniumhq\selenium\selenium-os\4.21.0\selenium-os-4.21.0.jar;D:\Hanh\apache-maven-3.9.6\repository\org\apache\commons\commons-exec\1.4.0\commons-exec-1.4.0.jar;D:\Hanh\apache-maven-3.9.6\repository\org\seleniumhq\selenium\selenium-safari-driver\4.21.0\selenium-safari-driver-4.21.0.jar;D:\Hanh\apache-maven-3.9.6\repository\org\seleniumhq\selenium\selenium-api\4.21.0\selenium-api-4.21.0.jar;D:\Hanh\apache-maven-3.9.6\repository\org\seleniumhq\selenium\selenium-support\4.21.0\selenium-support-4.21.0.jar;D:\Hanh\apache-maven-3.9.6\repository\com\google\auto\service\auto-service-annotations\1.1.1\auto-service-annotations-1.1.1.jar;D:\Hanh\apache-maven-3.9.6\repository\org\seleniumhq\selenium\selenium-json\4.21.0\selenium-json-4.21.0.jar;D:\Hanh\apache-maven-3.9.6\repository\org\seleniumhq\selenium\selenium-chrome-driver\4.21.0\selenium-chrome-driver-4.21.0.jar;D:\Hanh\apache-maven-3.9.6\repository\org\seleniumhq\selenium\selenium-chromium-driver\4.21.0\selenium-chromium-driver-4.21.0.jar;D:\Hanh\apache-maven-3.9.6\repository\org\seleniumhq\selenium\selenium-manager\4.21.0\selenium-manager-4.21.0.jar;D:\Hanh\apache-maven-3.9.6\repository\org\seleniumhq\selenium\selenium-firefox-driver\4.21.0\selenium-firefox-driver-4.21.0.jar;D:\Hanh\apache-maven-3.9.6\repository\org\seleniumhq\selenium\selenium-http\4.21.0\selenium-http-4.21.0.jar;D:\Hanh\apache-maven-3.9.6\repository\dev\failsafe\failsafe\3.3.2\failsafe-3.3.2.jar;D:\Hanh\apache-maven-3.9.6\repository\org\seleniumhq\selenium\selenium-edge-driver\4.21.0\selenium-edge-driver-4.21.0.jar;D:\Hanh\apache-maven-3.9.6\repository\org\seleniumhq\selenium\selenium-ie-driver\4.21.0\selenium-ie-driver-4.21.0.jar;D:\Hanh\apache-maven-3.9.6\repository\org\htmlunit\htmlunit\4.1.0\htmlunit-4.1.0.jar;D:\Hanh\apache-maven-3.9.6\repository\org\apache\httpcomponents\httpmime\4.5.14\httpmime-4.5.14.jar;D:\Hanh\apache-maven-3.9.6\repository\org\htmlunit\htmlunit-core-js\4.1.0\htmlunit-core-js-4.1.0.jar;D:\Hanh\apache-maven-3.9.6\repository\org\htmlunit\neko-htmlunit\4.1.0\neko-htmlunit-4.1.0.jar;D:\Hanh\apache-maven-3.9.6\repository\org\htmlunit\htmlunit-cssparser\4.1.0\htmlunit-cssparser-4.1.0.jar;D:\Hanh\apache-maven-3.9.6\repository\org\htmlunit\htmlunit-xpath\4.1.0\htmlunit-xpath-4.1.0.jar;D:\Hanh\apache-maven-3.9.6\repository\org\htmlunit\htmlunit-csp\4.1.0\htmlunit-csp-4.1.0.jar;D:\Hanh\apache-maven-3.9.6\repository\org\htmlunit\htmlunit-websocket-client\4.1.0\htmlunit-websocket-client-4.1.0.jar;D:\Hanh\apache-maven-3.9.6\repository\org\brotli\dec\0.1.2\dec-0.1.2.jar;D:\Hanh\apache-maven-3.9.6\repository\org\seleniumhq\selenium\htmlunit3-driver\4.21.0\htmlunit3-driver-4.21.0.jar;D:\Hanh\apache-maven-3.9.6\repository\io\appium\java-client\9.2.2\java-client-9.2.2.jar;D:\Hanh\apache-maven-3.9.6\repository\org\apache\groovy\groovy\4.0.13\groovy-4.0.13.jar;D:\Hanh\apache-maven-3.9.6\repository\net\sf\opencsv\opencsv\2.1\opencsv-2.1.jar;D:\Hanh\apache-maven-3.9.6\repository\org\apache\commons\commons-lang3\3.14.0\commons-lang3-3.14.0.jar;D:\Hanh\apache-maven-3.9.6\repository\org\apache\commons\commons-compress\1.26.0\commons-compress-1.26.0.jar;D:\Hanh\apache-maven-3.9.6\repository\org\fluentlenium\fluentlenium-core\0.10.2\fluentlenium-core-0.10.2.jar;D:\Hanh\apache-maven-3.9.6\repository\com\jhlabs\filters\2.0.235\filters-2.0.235.jar;D:\Hanh\apache-maven-3.9.6\repository\com\paulhammant\ngwebdriver\1.1.6\ngwebdriver-1.1.6.jar;D:\Hanh\apache-maven-3.9.6\repository\joda-time\joda-time\2.12.7\joda-time-2.12.7.jar;D:\Hanh\apache-maven-3.9.6\repository\org\hamcrest\hamcrest\2.2\hamcrest-2.2.jar;D:\Hanh\apache-maven-3.9.6\repository\com\google\jimfs\jimfs\1.3.0\jimfs-1.3.0.jar;D:\Hanh\apache-maven-3.9.6\repository\org\mockito\mockito-core\3.3.3\mockito-core-3.3.3.jar;D:\Hanh\apache-maven-3.9.6\repository\javax\xml\bind\jaxb-api\2.3.1\jaxb-api-2.3.1.jar;D:\Hanh\apache-maven-3.9.6\repository\javax\activation\javax.activation-api\1.2.0\javax.activation-api-1.2.0.jar;D:\Hanh\apache-maven-3.9.6\repository\com\sun\xml\bind\jaxb-core\2.3.0.1\jaxb-core-2.3.0.1.jar;D:\Hanh\apache-maven-3.9.6\repository\com\sun\xml\bind\jaxb-impl\2.3.3\jaxb-impl-2.3.3.jar;D:\Hanh\apache-maven-3.9.6\repository\com\sun\activation\jakarta.activation\1.2.2\jakarta.activation-1.2.2.jar;D:\Hanh\apache-maven-3.9.6\repository\javax\activation\activation\1.1.1\activation-1.1.1.jar;D:\Hanh\apache-maven-3.9.6\repository\net\serenity-bdd\serenity-screenplay\4.1.14\serenity-screenplay-4.1.14.jar;D:\Hanh\apache-maven-3.9.6\repository\net\serenity-bdd\serenity-ensure\4.1.14\serenity-ensure-4.1.14.jar;D:\Hanh\apache-maven-3.9.6\repository\org\jetbrains\kotlin\kotlin-stdlib\1.9.24\kotlin-stdlib-1.9.24.jar;D:\Hanh\apache-maven-3.9.6\repository\org\jetbrains\annotations\13.0\annotations-13.0.jar;D:\Hanh\apache-maven-3.9.6\repository\net\serenity-bdd\serenity-screenplay-webdriver\4.1.14\serenity-screenplay-webdriver-4.1.14.jar;D:\Hanh\apache-maven-3.9.6\repository\net\serenity-bdd\serenity-junit\4.1.14\serenity-junit-4.1.14.jar;D:\Hanh\apache-maven-3.9.6\repository\jakarta\xml\bind\jakarta.xml.bind-api\4.0.0\jakarta.xml.bind-api-4.0.0.jar;D:\Hanh\apache-maven-3.9.6\repository\jakarta\activation\jakarta.activation-api\2.1.0\jakarta.activation-api-2.1.0.jar;D:\Hanh\apache-maven-3.9.6\repository\org\slf4j\slf4j-simple\1.7.7\slf4j-simple-1.7.7.jar;D:\Hanh\apache-maven-3.9.6\repository\org\slf4j\slf4j-api\1.7.7\slf4j-api-1.7.7.jar;D:\Hanh\apache-maven-3.9.6\repository\junit\junit\4.12\junit-4.12.jar;D:\Hanh\apache-maven-3.9.6\repository\org\hamcrest\hamcrest-core\1.3\hamcrest-core-1.3.jar;D:\Hanh\apache-maven-3.9.6\repository\org\assertj\assertj-core\3.8.0\assertj-core-3.8.0.jar;D:\Hanh\apache-maven-3.9.6\repository\org\apache\maven\surefire\surefire-junit4\3.0.0-M5\surefire-junit4-3.0.0-M5.jar;D:\Hanh\apache-maven-3.9.6\repository\org\apache\maven\surefire\common-java5\3.0.0-M5\common-java5-3.0.0-M5.jar;D:\Hanh\apache-maven-3.9.6\repository\org\apache\maven\surefire\common-junit3\3.0.0-M5\common-junit3-3.0.0-M5.jar;D:\Hanh\apache-maven-3.9.6\repository\org\apache\maven\surefire\common-junit4\3.0.0-M5\common-junit4-3.0.0-M5.jar"/>
    <property name="user.script" value=""/>
    <property name="sun.management.compiler" value="HotSpot 64-Bit Tiered Compilers"/>
    <property name="java.runtime.version" value="22.0.1+8-16"/>
    <property name="user.name" value="quyet"/>
    <property name="stdout.encoding" value="Cp1252"/>
    <property name="path.separator" value=";"/>
    <property name="os.version" value="10.0"/>
    <property name="java.runtime.name" value="Java(TM) SE Runtime Environment"/>
    <property name="file.encoding" value="UTF-8"/>
    <property name="java.vm.name" value="Java HotSpot(TM) 64-Bit Server VM"/>
    <property name="localRepository" value="D:\Hanh\apache-maven-3.9.6\repository"/>
    <property name="java.vendor.url.bug" value="https://bugreport.java.com/bugreport/"/>
    <property name="java.io.tmpdir" value="C:\Users\quyet\AppData\Local\Temp\"/>
    <property name="java.version" value="22.0.1"/>
    <property name="user.dir" value="D:\Hanh\Workking\Learning\Learning"/>
    <property name="os.arch" value="amd64"/>
    <property name="java.vm.specification.name" value="Java Virtual Machine Specification"/>
    <property name="sun.os.patch.level" value=""/>
    <property name="native.encoding" value="Cp1252"/>
    <property name="java.library.path" value="C:\Program Files\Java\jdk-22\bin;C:\WINDOWS\Sun\Java\bin;C:\WINDOWS\system32;C:\WINDOWS;D:\Hanh\apache-maven-3.9.6\bin;C:\Program Files\Common Files\Oracle\Java\javapath;C:\Program Files\Microsoft MPI\Bin\;C:\WINDOWS\system32;C:\WINDOWS;C:\WINDOWS\System32\Wbem;C:\WINDOWS\System32\WindowsPowerShell\v1.0\;C:\WINDOWS\System32\OpenSSH\;C:\Program Files\Microsoft SQL Server\Client SDK\ODBC\130\Tools\Binn\;C:\Program Files (x86)\Microsoft SQL Server\130\Tools\Binn\;C:\Program Files\Microsoft SQL Server\130\Tools\Binn\;C:\Program Files\Microsoft SQL Server\130\DTS\Binn\;C:\Program Files (x86)\Microsoft SQL Server\150\DTS\Binn\;C:\Program Files\Microsoft SQL Server\Client SDK\ODBC\170\Tools\Binn\;C:\Program Files\Git\cmd;C:\Program Files\PuTTY\;C:\Program Files\Docker\Docker\resources\bin;C:\ProgramData\DockerDesktop\version-bin;C:\Program Files\dotnet\;c:\Program Files (x86)\Intel\Intel(R) Management Engine Components\DAL;c:\Program Files\Intel\Intel(R) Management Engine Components\DAL;C:\Program Files\Java\jdk-22\bin;D:\Hanh\apache-maven-3.9.6\bin;C:\Users\quyet\AppData\Local\Microsoft\WindowsApps;C:\Users\quyet\.dotnet\tools;C:\Users\quyet\AppData\Local\Microsoft\WindowsApps;;C:\Program Files\JetBrains\IntelliJ IDEA Community Edition 2024.1.2\bin;;."/>
    <property name="java.vm.info" value="mixed mode"/>
    <property name="stderr.encoding" value="Cp1252"/>
    <property name="java.vendor" value="Oracle Corporation"/>
    <property name="java.vm.version" value="22.0.1+8-16"/>
    <property name="sun.io.unicode.encoding" value="UnicodeLittle"/>
    <property name="java.class.version" value="66.0"/>
  </properties>
</testsuite>